# JRE version: OpenJDK Runtime Environment Temurin-21.0.6+7 (21.0.6+7) (build 21.0.6+7-LTS)
# Java VM: OpenJDK 64-Bit Server VM Temurin-21.0.6+7 (21.0.6+7-LTS, mixed mode, emulated-client, sharing, tiered, compressed oops, compressed class ptrs, g1 gc, windows-amd64)
GC Precious Log:
 CardTable entry size: 512
 Card Set container configuration: InlinePtr #cards 4 size 8 Array Of Cards #cards 16 size 48 Howl #buckets 8 coarsen threshold 3686 Howl Bitmap #cards 512 size 80 coarsen threshold 460 Card regions per heap region 1 cards per card region 4096
 CPUs: 8 total, 8 available
 Memory: 15604M
 Large Page Support: Disabled
 NUMA Support: Disabled
 Compressed Oops: Enabled (Zero based)
 Heap Region Size: 2M
 Heap Min Capacity: 8M
 Heap Initial Capacity: 244M
 Heap Max Capacity: 3902M
 Pre-touch: Disabled
 Parallel Workers: 8
 Concurrent Workers: 2
 Concurrent Refinement Workers: 8
 Periodic GC: Disabled
Heap:
 garbage-first heap   total 96256K, used 80952K [0x000000070c200000, 0x0000000800000000)
  region size 2048K, 27 young (55296K), 3 survivors (6144K)
 Metaspace       used 65915K, committed 66560K, reserved 1114112K
  class space    used 8980K, committed 9280K, reserved 1048576K
GC Heap History (20 events):
Event: 918.081 GC heap after
{Heap after GC invocations=40 (full 10):
 garbage-first heap   total 96256K, used 24333K [0x000000070c200000, 0x0000000800000000)
  region size 2048K, 0 young (0K), 0 survivors (0K)
 Metaspace       used 60521K, committed 61504K, reserved 1114112K
  class space    used 8127K, committed 8512K, reserved 1048576K
}
Event: 924.217 GC heap before
{Heap before GC invocations=40 (full 10):
 garbage-first heap   total 96256K, used 77581K [0x000000070c200000, 0x0000000800000000)
  region size 2048K, 27 young (55296K), 0 survivors (0K)
 Metaspace       used 60641K, committed 61504K, reserved 1114112K
  class space    used 8138K, committed 8512K, reserved 1048576K
}
Event: 924.222 GC heap after
{Heap after GC invocations=41 (full 10):
 garbage-first heap   total 96256K, used 28867K [0x000000070c200000, 0x0000000800000000)
  region size 2048K, 3 young (6144K), 3 survivors (6144K)
 Metaspace       used 60641K, committed 61504K, reserved 1114112K
  class space    used 8138K, committed 8512K, reserved 1048576K
}
Event: 956.116 GC heap before
{Heap before GC invocations=41 (full 10):
 garbage-first heap   total 96256K, used 39107K [0x000000070c200000, 0x0000000800000000)
  region size 2048K, 10 young (20480K), 3 survivors (6144K)
 Metaspace       used 60654K, committed 61504K, reserved 1114112K
  class space    used 8140K, committed 8512K, reserved 1048576K
}
Event: 956.193 GC heap after
{Heap after GC invocations=42 (full 11):
 garbage-first heap   total 96256K, used 25143K [0x000000070c200000, 0x0000000800000000)
  region size 2048K, 0 young (0K), 0 survivors (0K)
 Metaspace       used 60651K, committed 61504K, reserved 1114112K
  class space    used 8139K, committed 8512K, reserved 1048576K
}
Event: 962.866 GC heap before
{Heap before GC invocations=42 (full 11):
 garbage-first heap   total 96256K, used 78391K [0x000000070c200000, 0x0000000800000000)
  region size 2048K, 26 young (53248K), 0 survivors (0K)
 Metaspace       used 60681K, committed 61504K, reserved 1114112K
  class space    used 8143K, committed 8512K, reserved 1048576K
}
Event: 962.871 GC heap after
{Heap after GC invocations=43 (full 11):
 garbage-first heap   total 96256K, used 29657K [0x000000070c200000, 0x0000000800000000)
  region size 2048K, 3 young (6144K), 3 survivors (6144K)
 Metaspace       used 60681K, committed 61504K, reserved 1114112K
  class space    used 8143K, committed 8512K, reserved 1048576K
}
Event: 1247.563 GC heap before
{Heap before GC invocations=43 (full 11):
 garbage-first heap   total 96256K, used 46041K [0x000000070c200000, 0x0000000800000000)
  region size 2048K, 12 young (24576K), 3 survivors (6144K)
 Metaspace       used 60759K, committed 61568K, reserved 1114112K
  class space    used 8147K, committed 8512K, reserved 1048576K
}
Event: 1247.617 GC heap after
{Heap after GC invocations=44 (full 12):
 garbage-first heap   total 96256K, used 24977K [0x000000070c200000, 0x0000000800000000)
  region size 2048K, 0 young (0K), 0 survivors (0K)
 Metaspace       used 60756K, committed 61568K, reserved 1114112K
  class space    used 8147K, committed 8512K, reserved 1048576K
}
Event: 1254.380 GC heap before
{Heap before GC invocations=44 (full 12):
 garbage-first heap   total 96256K, used 80273K [0x000000070c200000, 0x0000000800000000)
  region size 2048K, 27 young (55296K), 0 survivors (0K)
 Metaspace       used 60873K, committed 61568K, reserved 1114112K
  class space    used 8157K, committed 8512K, reserved 1048576K
}
Event: 1254.384 GC heap after
{Heap after GC invocations=45 (full 12):
 garbage-first heap   total 96256K, used 29475K [0x000000070c200000, 0x0000000800000000)
  region size 2048K, 3 young (6144K), 3 survivors (6144K)
 Metaspace       used 60873K, committed 61568K, reserved 1114112K
  class space    used 8157K, committed 8512K, reserved 1048576K
}
Event: 1485.467 GC heap before
{Heap before GC invocations=45 (full 12):
 garbage-first heap   total 96256K, used 43811K [0x000000070c200000, 0x0000000800000000)
  region size 2048K, 11 young (22528K), 3 survivors (6144K)
 Metaspace       used 60878K, committed 61568K, reserved 1114112K
  class space    used 8159K, committed 8512K, reserved 1048576K
}
Event: 1485.524 GC heap after
{Heap after GC invocations=46 (full 13):
 garbage-first heap   total 96256K, used 24513K [0x000000070c200000, 0x0000000800000000)
  region size 2048K, 0 young (0K), 0 survivors (0K)
 Metaspace       used 60658K, committed 61568K, reserved 1114112K
  class space    used 8142K, committed 8512K, reserved 1048576K
}
Event: 1499.200 GC heap before
{Heap before GC invocations=46 (full 13):
 garbage-first heap   total 96256K, used 77761K [0x000000070c200000, 0x0000000800000000)
  region size 2048K, 27 young (55296K), 0 survivors (0K)
 Metaspace       used 61567K, committed 62208K, reserved 1114112K
  class space    used 8302K, committed 8576K, reserved 1048576K
}
Event: 1499.204 GC heap after
{Heap after GC invocations=47 (full 13):
 garbage-first heap   total 96256K, used 28058K [0x000000070c200000, 0x0000000800000000)
  region size 2048K, 2 young (4096K), 2 survivors (4096K)
 Metaspace       used 61567K, committed 62208K, reserved 1114112K
  class space    used 8302K, committed 8576K, reserved 1048576K
}
Event: 1583.474 GC heap before
{Heap before GC invocations=47 (full 13):
 garbage-first heap   total 96256K, used 79258K [0x000000070c200000, 0x0000000800000000)
  region size 2048K, 28 young (57344K), 2 survivors (4096K)
 Metaspace       used 61609K, committed 62272K, reserved 1114112K
  class space    used 8309K, committed 8576K, reserved 1048576K
}
Event: 1583.478 GC heap after
{Heap after GC invocations=48 (full 13):
 garbage-first heap   total 96256K, used 29463K [0x000000070c200000, 0x0000000800000000)
  region size 2048K, 3 young (6144K), 3 survivors (6144K)
 Metaspace       used 61609K, committed 62272K, reserved 1114112K
  class space    used 8309K, committed 8576K, reserved 1048576K
}
Event: 1589.829 GC heap before
{Heap before GC invocations=48 (full 13):
 garbage-first heap   total 96256K, used 76567K [0x000000070c200000, 0x0000000800000000)
  region size 2048K, 27 young (55296K), 3 survivors (6144K)
 Metaspace       used 63226K, committed 63872K, reserved 1114112K
  class space    used 8485K, committed 8768K, reserved 1048576K
}
Event: 1589.838 GC heap after
{Heap after GC invocations=49 (full 13):
 garbage-first heap   total 96256K, used 31800K [0x000000070c200000, 0x0000000800000000)
  region size 2048K, 2 young (4096K), 2 survivors (4096K)
 Metaspace       used 63226K, committed 63872K, reserved 1114112K
  class space    used 8485K, committed 8768K, reserved 1048576K
}
Event: 2148.191 GC heap before
{Heap before GC invocations=49 (full 13):
 garbage-first heap   total 96256K, used 80952K [0x000000070c200000, 0x0000000800000000)
  region size 2048K, 26 young (53248K), 2 survivors (4096K)
 Metaspace       used 65915K, committed 66560K, reserved 1114112K
  class space    used 8980K, committed 9280K, reserved 1048576K
}

